<?xml version="1.0" encoding="UTF-8"?>
<!-- Generated by org.testng.reporters.JUnitReportReporter -->
<testsuite skipped="0" hostname="DESKTOP-SR17U1H" name="WebServiceTesting.API.GetTestBackup" tests="1" failures="0" timestamp="03 May 2019 16:38:47 GMT" time="8.045" errors="0">
  <testcase name="readExcel" time="8.045" classname="WebServiceTesting.API.GetTestBackup"/>
</testsuite> <!-- WebServiceTesting.API.GetTestBackup -->
