<?xml version="1.0" encoding="UTF-8"?>
<!-- Generated by org.testng.reporters.JUnitReportReporter -->
<testsuite skipped="0" hostname="DESKTOP-SR17U1H" name="WebServiceTesting.API.GetTest" tests="1" failures="0" timestamp="03 May 2019 17:59:11 GMT" time="1069.864" errors="0">
  <testcase name="readExcel" time="1069.864" classname="WebServiceTesting.API.GetTest"/>
</testsuite> <!-- WebServiceTesting.API.GetTest -->
