<?xml version="1.0" encoding="UTF-8"?>
<!-- Generated by org.testng.reporters.JUnitReportReporter -->
<testsuite skipped="0" hostname="DESKTOP-SR17U1H" name="WebServiceTesting.API.GetTest" tests="1" failures="0" timestamp="04 May 2019 04:58:06 GMT" time="6.998" errors="0">
  <testcase name="readExcel" time="6.998" classname="WebServiceTesting.API.GetTest"/>
</testsuite> <!-- WebServiceTesting.API.GetTest -->
